2023-02-26T00:44:54.809319+0100 INFO Arguments: ['--max_epochs=100', '--min_epochs=25', '--eta=2', '--runtime=21600', '--device=cuda', '--expname=ex_14_100_25_2_vanilla'] 
2023-02-26T00:47:45.341929+0100 DEBUG Bracket ID 0:
| budget  | pending | waiting |  done   |
-----------------------------------------
|  25.00  |    3    |    1    |    0    |
|  50.00  |    2    |    0    |    0    |
| 100.00  |    1    |    0    |    0    |
-----------------------------------------
2023-02-26T00:47:45.342127+0100 DEBUG Collecting 1 of the 1 job(s) active.
2023-02-26T00:56:47.018633+0100 DEBUG Bracket ID 0:
| budget  | pending | waiting |  done   |
-----------------------------------------
|  25.00  |    2    |    1    |    1    |
|  50.00  |    2    |    0    |    0    |
| 100.00  |    1    |    0    |    0    |
-----------------------------------------
2023-02-26T00:56:47.018828+0100 DEBUG Collecting 1 of the 1 job(s) active.
2023-02-26T01:04:14.948938+0100 DEBUG Bracket ID 0:
| budget  | pending | waiting |  done   |
-----------------------------------------
|  25.00  |    1    |    1    |    2    |
|  50.00  |    2    |    0    |    0    |
| 100.00  |    1    |    0    |    0    |
-----------------------------------------
2023-02-26T01:04:14.949129+0100 DEBUG Collecting 1 of the 1 job(s) active.
2023-02-26T01:12:49.912730+0100 DEBUG Bracket ID 0:
| budget  | pending | waiting |  done   |
-----------------------------------------
|  25.00  |    0    |    1    |    3    |
|  50.00  |    2    |    0    |    0    |
| 100.00  |    1    |    0    |    0    |
-----------------------------------------
2023-02-26T01:12:49.912925+0100 DEBUG Collecting 1 of the 1 job(s) active.
2023-02-26T01:30:38.316114+0100 DEBUG Bracket ID 0:
| budget  | pending | waiting |  done   |
-----------------------------------------
|  25.00  |    0    |    0    |    4    |
|  50.00  |    1    |    1    |    0    |
| 100.00  |    1    |    0    |    0    |
-----------------------------------------
2023-02-26T01:30:38.316314+0100 DEBUG Collecting 1 of the 1 job(s) active.
2023-02-26T01:47:37.590589+0100 DEBUG Bracket ID 0:
| budget  | pending | waiting |  done   |
-----------------------------------------
|  25.00  |    0    |    0    |    4    |
|  50.00  |    0    |    1    |    1    |
| 100.00  |    1    |    0    |    0    |
-----------------------------------------
2023-02-26T01:47:37.590787+0100 DEBUG Collecting 1 of the 1 job(s) active.
2023-02-26T02:23:09.036898+0100 DEBUG Bracket ID 0:
| budget  | pending | waiting |  done   |
-----------------------------------------
|  25.00  |    0    |    0    |    4    |
|  50.00  |    0    |    0    |    2    |
| 100.00  |    0    |    1    |    0    |
-----------------------------------------
2023-02-26T02:23:09.037094+0100 DEBUG Collecting 1 of the 1 job(s) active.
2023-02-26T02:37:57.380968+0100 DEBUG Bracket ID 1:
| budget  | pending | waiting |  done   |
-----------------------------------------
|  50.00  |    1    |    1    |    0    |
| 100.00  |    1    |    0    |    0    |
-----------------------------------------
2023-02-26T02:37:57.381164+0100 DEBUG Collecting 1 of the 1 job(s) active.
2023-02-26T02:50:53.010986+0100 DEBUG Bracket ID 1:
| budget  | pending | waiting |  done   |
-----------------------------------------
|  50.00  |    0    |    1    |    1    |
| 100.00  |    1    |    0    |    0    |
-----------------------------------------
2023-02-26T02:50:53.011177+0100 DEBUG Collecting 1 of the 1 job(s) active.
2023-02-26T03:24:47.109141+0100 DEBUG Bracket ID 1:
| budget  | pending | waiting |  done   |
-----------------------------------------
|  50.00  |    0    |    0    |    2    |
| 100.00  |    0    |    1    |    0    |
-----------------------------------------
2023-02-26T03:24:47.109334+0100 DEBUG Collecting 1 of the 1 job(s) active.
2023-02-26T04:06:52.036905+0100 DEBUG Bracket ID 2:
| budget  | pending | waiting |  done   |
-----------------------------------------
| 100.00  |    2    |    1    |    0    |
-----------------------------------------
2023-02-26T04:06:52.037098+0100 DEBUG Collecting 1 of the 1 job(s) active.
2023-02-26T04:42:32.248785+0100 DEBUG Bracket ID 2:
| budget  | pending | waiting |  done   |
-----------------------------------------
| 100.00  |    1    |    1    |    1    |
-----------------------------------------
2023-02-26T04:42:32.248981+0100 DEBUG Collecting 1 of the 1 job(s) active.
2023-02-26T05:23:27.447548+0100 DEBUG Bracket ID 2:
| budget  | pending | waiting |  done   |
-----------------------------------------
| 100.00  |    0    |    1    |    2    |
-----------------------------------------
2023-02-26T05:23:27.447750+0100 DEBUG Collecting 1 of the 1 job(s) active.
2023-02-26T05:26:06.725256+0100 DEBUG Bracket ID 3:
| budget  | pending | waiting |  done   |
-----------------------------------------
|  25.00  |    3    |    1    |    0    |
|  50.00  |    2    |    0    |    0    |
| 100.00  |    1    |    0    |    0    |
-----------------------------------------
2023-02-26T05:26:06.725451+0100 DEBUG Collecting 1 of the 1 job(s) active.
2023-02-26T05:34:18.700104+0100 DEBUG Bracket ID 3:
| budget  | pending | waiting |  done   |
-----------------------------------------
|  25.00  |    2    |    1    |    1    |
|  50.00  |    2    |    0    |    0    |
| 100.00  |    1    |    0    |    0    |
-----------------------------------------
2023-02-26T05:34:18.700297+0100 DEBUG Collecting 1 of the 1 job(s) active.
2023-02-26T05:41:26.312315+0100 DEBUG Bracket ID 3:
| budget  | pending | waiting |  done   |
-----------------------------------------
|  25.00  |    1    |    1    |    2    |
|  50.00  |    2    |    0    |    0    |
| 100.00  |    1    |    0    |    0    |
-----------------------------------------
2023-02-26T05:41:26.312505+0100 DEBUG Collecting 1 of the 1 job(s) active.
2023-02-26T05:51:12.373028+0100 DEBUG Bracket ID 3:
| budget  | pending | waiting |  done   |
-----------------------------------------
|  25.00  |    0    |    1    |    3    |
|  50.00  |    2    |    0    |    0    |
| 100.00  |    1    |    0    |    0    |
-----------------------------------------
2023-02-26T05:51:12.373219+0100 DEBUG Collecting 1 of the 1 job(s) active.
2023-02-26T06:09:32.355154+0100 DEBUG Bracket ID 3:
| budget  | pending | waiting |  done   |
-----------------------------------------
|  25.00  |    0    |    0    |    4    |
|  50.00  |    1    |    1    |    0    |
| 100.00  |    1    |    0    |    0    |
-----------------------------------------
2023-02-26T06:09:32.355347+0100 DEBUG Collecting 1 of the 1 job(s) active.
2023-02-26T06:35:58.577487+0100 DEBUG Bracket ID 3:
| budget  | pending | waiting |  done   |
-----------------------------------------
|  25.00  |    0    |    0    |    4    |
|  50.00  |    0    |    1    |    1    |
| 100.00  |    1    |    0    |    0    |
-----------------------------------------
2023-02-26T06:35:58.577679+0100 DEBUG Collecting 1 of the 1 job(s) active.
2023-02-26T07:15:00.470751+0100 DEBUG Bracket ID 3:
| budget  | pending | waiting |  done   |
-----------------------------------------
|  25.00  |    0    |    0    |    4    |
|  50.00  |    0    |    0    |    2    |
| 100.00  |    0    |    1    |    0    |
-----------------------------------------
2023-02-26T07:15:00.470948+0100 DEBUG Collecting 1 of the 1 job(s) active.
2023-02-26T07:15:00.542625+0100 INFO Total time taken: 23405.751423358917 
2023-02-26T07:15:00.543312+0100 INFO Saving optimisation trace history...
2023-02-26T07:50:45.377152+0100 INFO Test loss is 0.079 for the best found configuration: 
2023-02-26T07:50:45.377411+0100 INFO Configuration(values={
  'augment': True,
  'dropout_rate': 0.07799726016810132,
  'global_avg_pooling': True,
  'kernel_conv_0': 1,
  'kernel_conv_1': 1,
  'kernel_conv_2': 2,
  'learning_rate_init': 0.04661185750189395,
  'n_channels_conv_0': 61,
  'n_channels_conv_1': 117,
  'n_channels_conv_2': 158,
  'n_conv_layers': 3,
  'n_fc_layers': 0,
  'standardize': True,
  'use_BN': True,
})

