2023-02-26T18:21:31.149716+0100 INFO Arguments: ['--max_epochs=100', '--min_epochs=25', '--eta=2', '--runtime=21600', '--device=cuda', '--expname=ex_16_100_25_2_vanilla'] 
2023-02-26T18:24:17.559106+0100 DEBUG Bracket ID 0:
| budget  | pending | waiting |  done   |
-----------------------------------------
|  25.00  |    3    |    1    |    0    |
|  50.00  |    2    |    0    |    0    |
| 100.00  |    1    |    0    |    0    |
-----------------------------------------
2023-02-26T18:24:17.559303+0100 DEBUG Collecting 1 of the 1 job(s) active.
2023-02-26T18:33:12.048149+0100 DEBUG Bracket ID 0:
| budget  | pending | waiting |  done   |
-----------------------------------------
|  25.00  |    2    |    1    |    1    |
|  50.00  |    2    |    0    |    0    |
| 100.00  |    1    |    0    |    0    |
-----------------------------------------
2023-02-26T18:33:12.048338+0100 DEBUG Collecting 1 of the 1 job(s) active.
2023-02-26T18:40:35.593073+0100 DEBUG Bracket ID 0:
| budget  | pending | waiting |  done   |
-----------------------------------------
|  25.00  |    1    |    1    |    2    |
|  50.00  |    2    |    0    |    0    |
| 100.00  |    1    |    0    |    0    |
-----------------------------------------
2023-02-26T18:40:35.593265+0100 DEBUG Collecting 1 of the 1 job(s) active.
2023-02-26T18:49:07.378215+0100 DEBUG Bracket ID 0:
| budget  | pending | waiting |  done   |
-----------------------------------------
|  25.00  |    0    |    1    |    3    |
|  50.00  |    2    |    0    |    0    |
| 100.00  |    1    |    0    |    0    |
-----------------------------------------
2023-02-26T18:49:07.378412+0100 DEBUG Collecting 1 of the 1 job(s) active.
2023-02-26T19:06:50.445443+0100 DEBUG Bracket ID 0:
| budget  | pending | waiting |  done   |
-----------------------------------------
|  25.00  |    0    |    0    |    4    |
|  50.00  |    1    |    1    |    0    |
| 100.00  |    1    |    0    |    0    |
-----------------------------------------
2023-02-26T19:06:50.445640+0100 DEBUG Collecting 1 of the 1 job(s) active.
2023-02-26T19:23:44.177383+0100 DEBUG Bracket ID 0:
| budget  | pending | waiting |  done   |
-----------------------------------------
|  25.00  |    0    |    0    |    4    |
|  50.00  |    0    |    1    |    1    |
| 100.00  |    1    |    0    |    0    |
-----------------------------------------
2023-02-26T19:23:44.177577+0100 DEBUG Collecting 1 of the 1 job(s) active.
2023-02-26T19:59:03.845879+0100 DEBUG Bracket ID 0:
| budget  | pending | waiting |  done   |
-----------------------------------------
|  25.00  |    0    |    0    |    4    |
|  50.00  |    0    |    0    |    2    |
| 100.00  |    0    |    1    |    0    |
-----------------------------------------
2023-02-26T19:59:03.846069+0100 DEBUG Collecting 1 of the 1 job(s) active.
2023-02-26T20:13:41.116512+0100 DEBUG Bracket ID 1:
| budget  | pending | waiting |  done   |
-----------------------------------------
|  50.00  |    1    |    1    |    0    |
| 100.00  |    1    |    0    |    0    |
-----------------------------------------
2023-02-26T20:13:41.116712+0100 DEBUG Collecting 1 of the 1 job(s) active.
2023-02-26T20:26:29.462077+0100 DEBUG Bracket ID 1:
| budget  | pending | waiting |  done   |
-----------------------------------------
|  50.00  |    0    |    1    |    1    |
| 100.00  |    1    |    0    |    0    |
-----------------------------------------
2023-02-26T20:26:29.462268+0100 DEBUG Collecting 1 of the 1 job(s) active.
2023-02-26T21:00:10.755825+0100 DEBUG Bracket ID 1:
| budget  | pending | waiting |  done   |
-----------------------------------------
|  50.00  |    0    |    0    |    2    |
| 100.00  |    0    |    1    |    0    |
-----------------------------------------
2023-02-26T21:00:10.756022+0100 DEBUG Collecting 1 of the 1 job(s) active.
2023-02-26T21:42:08.575786+0100 DEBUG Bracket ID 2:
| budget  | pending | waiting |  done   |
-----------------------------------------
| 100.00  |    2    |    1    |    0    |
-----------------------------------------
2023-02-26T21:42:08.575983+0100 DEBUG Collecting 1 of the 1 job(s) active.
2023-02-26T22:17:45.172341+0100 DEBUG Bracket ID 2:
| budget  | pending | waiting |  done   |
-----------------------------------------
| 100.00  |    1    |    1    |    1    |
-----------------------------------------
2023-02-26T22:17:45.172539+0100 DEBUG Collecting 1 of the 1 job(s) active.
2023-02-26T22:56:55.733049+0100 DEBUG Bracket ID 2:
| budget  | pending | waiting |  done   |
-----------------------------------------
| 100.00  |    0    |    1    |    2    |
-----------------------------------------
2023-02-26T22:56:55.733241+0100 DEBUG Collecting 1 of the 1 job(s) active.
2023-02-26T22:59:36.080300+0100 DEBUG Bracket ID 3:
| budget  | pending | waiting |  done   |
-----------------------------------------
|  25.00  |    3    |    1    |    0    |
|  50.00  |    2    |    0    |    0    |
| 100.00  |    1    |    0    |    0    |
-----------------------------------------
2023-02-26T22:59:36.080492+0100 DEBUG Collecting 1 of the 1 job(s) active.
2023-02-26T23:07:45.287715+0100 DEBUG Bracket ID 3:
| budget  | pending | waiting |  done   |
-----------------------------------------
|  25.00  |    2    |    1    |    1    |
|  50.00  |    2    |    0    |    0    |
| 100.00  |    1    |    0    |    0    |
-----------------------------------------
2023-02-26T23:07:45.287911+0100 DEBUG Collecting 1 of the 1 job(s) active.
2023-02-26T23:14:45.387686+0100 DEBUG Bracket ID 3:
| budget  | pending | waiting |  done   |
-----------------------------------------
|  25.00  |    1    |    1    |    2    |
|  50.00  |    2    |    0    |    0    |
| 100.00  |    1    |    0    |    0    |
-----------------------------------------
2023-02-26T23:14:45.387885+0100 DEBUG Collecting 1 of the 1 job(s) active.
2023-02-26T23:23:15.713474+0100 DEBUG Bracket ID 3:
| budget  | pending | waiting |  done   |
-----------------------------------------
|  25.00  |    0    |    1    |    3    |
|  50.00  |    2    |    0    |    0    |
| 100.00  |    1    |    0    |    0    |
-----------------------------------------
2023-02-26T23:23:15.713666+0100 DEBUG Collecting 1 of the 1 job(s) active.
2023-02-26T23:37:51.899384+0100 DEBUG Bracket ID 3:
| budget  | pending | waiting |  done   |
-----------------------------------------
|  25.00  |    0    |    0    |    4    |
|  50.00  |    1    |    1    |    0    |
| 100.00  |    1    |    0    |    0    |
-----------------------------------------
2023-02-26T23:37:51.899578+0100 DEBUG Collecting 1 of the 1 job(s) active.
2023-02-26T23:50:38.729553+0100 DEBUG Bracket ID 3:
| budget  | pending | waiting |  done   |
-----------------------------------------
|  25.00  |    0    |    0    |    4    |
|  50.00  |    0    |    1    |    1    |
| 100.00  |    1    |    0    |    0    |
-----------------------------------------
2023-02-26T23:50:38.729744+0100 DEBUG Collecting 1 of the 1 job(s) active.
2023-02-27T00:31:28.494271+0100 DEBUG Bracket ID 3:
| budget  | pending | waiting |  done   |
-----------------------------------------
|  25.00  |    0    |    0    |    4    |
|  50.00  |    0    |    0    |    2    |
| 100.00  |    0    |    1    |    0    |
-----------------------------------------
2023-02-27T00:31:28.494470+0100 DEBUG Collecting 1 of the 1 job(s) active.
2023-02-27T00:31:28.518823+0100 INFO Total time taken: 22197.38739490509 
2023-02-27T00:31:28.519319+0100 INFO Saving optimisation trace history...
2023-02-27T01:06:50.601588+0100 INFO Configuration(values={
  'augment': True,
  'dropout_rate': 0.07799726016810132,
  'global_avg_pooling': True,
  'kernel_conv_0': 0,
  'kernel_conv_1': 1,
  'kernel_conv_2': 2,
  'learning_rate_init': 0.02125012800085733,
  'n_channels_conv_0': 38,
  'n_channels_conv_1': 99,
  'n_channels_conv_2': 236,
  'n_conv_layers': 3,
  'n_fc_layers': 0,
  'standardize': True,
  'use_BN': True,
})

