2023-02-21T12:26:38.369389+0100 INFO Arguments: ['--max_epochs=100', '--min_epochs=10', '--eta=3', '--runtime=21600', '--device=cuda', '--expname=ex_08_100_10_3', '--n_proxy=10000'] 
2023-02-21T12:26:38.370461+0100 INFO Length of intial population: 7694 
2023-02-21T12:26:38.371034+0100 INFO Time spent for proxies: 3600.3640139102936  
2023-02-21T12:38:27.384928+0100 DEBUG Bracket ID 0:
| budget  | pending | waiting |  done   |
-----------------------------------------
|  11.11  |    8    |    1    |    0    |
|  33.33  |    3    |    0    |    0    |
| 100.00  |    1    |    0    |    0    |
-----------------------------------------
2023-02-21T12:38:27.385140+0100 DEBUG Collecting 1 of the 1 job(s) active.
2023-02-21T12:52:29.213539+0100 DEBUG Bracket ID 0:
| budget  | pending | waiting |  done   |
-----------------------------------------
|  11.11  |    7    |    1    |    1    |
|  33.33  |    3    |    0    |    0    |
| 100.00  |    1    |    0    |    0    |
-----------------------------------------
2023-02-21T12:52:29.213758+0100 DEBUG Collecting 1 of the 1 job(s) active.
2023-02-21T13:04:12.748197+0100 DEBUG Bracket ID 0:
| budget  | pending | waiting |  done   |
-----------------------------------------
|  11.11  |    6    |    1    |    2    |
|  33.33  |    3    |    0    |    0    |
| 100.00  |    1    |    0    |    0    |
-----------------------------------------
2023-02-21T13:04:12.748416+0100 DEBUG Collecting 1 of the 1 job(s) active.
2023-02-21T13:17:54.014550+0100 DEBUG Bracket ID 0:
| budget  | pending | waiting |  done   |
-----------------------------------------
|  11.11  |    5    |    1    |    3    |
|  33.33  |    3    |    0    |    0    |
| 100.00  |    1    |    0    |    0    |
-----------------------------------------
2023-02-21T13:17:54.014768+0100 DEBUG Collecting 1 of the 1 job(s) active.
2023-02-21T13:27:13.494648+0100 DEBUG Bracket ID 0:
| budget  | pending | waiting |  done   |
-----------------------------------------
|  11.11  |    4    |    1    |    4    |
|  33.33  |    3    |    0    |    0    |
| 100.00  |    1    |    0    |    0    |
-----------------------------------------
2023-02-21T13:27:13.494868+0100 DEBUG Collecting 1 of the 1 job(s) active.
2023-02-21T13:38:19.300623+0100 DEBUG Bracket ID 0:
| budget  | pending | waiting |  done   |
-----------------------------------------
|  11.11  |    3    |    1    |    5    |
|  33.33  |    3    |    0    |    0    |
| 100.00  |    1    |    0    |    0    |
-----------------------------------------
2023-02-21T13:38:19.300843+0100 DEBUG Collecting 1 of the 1 job(s) active.
2023-02-21T13:50:16.594377+0100 DEBUG Bracket ID 0:
| budget  | pending | waiting |  done   |
-----------------------------------------
|  11.11  |    2    |    1    |    6    |
|  33.33  |    3    |    0    |    0    |
| 100.00  |    1    |    0    |    0    |
-----------------------------------------
2023-02-21T13:50:16.594596+0100 DEBUG Collecting 1 of the 1 job(s) active.
2023-02-21T14:00:52.344200+0100 DEBUG Bracket ID 0:
| budget  | pending | waiting |  done   |
-----------------------------------------
|  11.11  |    1    |    1    |    7    |
|  33.33  |    3    |    0    |    0    |
| 100.00  |    1    |    0    |    0    |
-----------------------------------------
2023-02-21T14:00:52.344421+0100 DEBUG Collecting 1 of the 1 job(s) active.
2023-02-21T14:09:04.524822+0100 DEBUG Bracket ID 0:
| budget  | pending | waiting |  done   |
-----------------------------------------
|  11.11  |    0    |    1    |    8    |
|  33.33  |    3    |    0    |    0    |
| 100.00  |    1    |    0    |    0    |
-----------------------------------------
2023-02-21T14:09:04.525048+0100 DEBUG Collecting 1 of the 1 job(s) active.
2023-02-21T14:40:15.848456+0100 DEBUG Bracket ID 0:
| budget  | pending | waiting |  done   |
-----------------------------------------
|  11.11  |    0    |    0    |    9    |
|  33.33  |    2    |    1    |    0    |
| 100.00  |    1    |    0    |    0    |
-----------------------------------------
2023-02-21T14:40:15.848683+0100 DEBUG Collecting 1 of the 1 job(s) active.
2023-02-21T15:13:11.210582+0100 DEBUG Bracket ID 0:
| budget  | pending | waiting |  done   |
-----------------------------------------
|  11.11  |    0    |    0    |    9    |
|  33.33  |    1    |    1    |    1    |
| 100.00  |    1    |    0    |    0    |
-----------------------------------------
2023-02-21T15:13:11.210812+0100 DEBUG Collecting 1 of the 1 job(s) active.
2023-02-21T15:42:58.810149+0100 DEBUG Bracket ID 0:
| budget  | pending | waiting |  done   |
-----------------------------------------
|  11.11  |    0    |    0    |    9    |
|  33.33  |    0    |    1    |    2    |
| 100.00  |    1    |    0    |    0    |
-----------------------------------------
2023-02-21T15:42:58.810381+0100 DEBUG Collecting 1 of the 1 job(s) active.
2023-02-21T17:19:27.131887+0100 DEBUG Bracket ID 0:
| budget  | pending | waiting |  done   |
-----------------------------------------
|  11.11  |    0    |    0    |    9    |
|  33.33  |    0    |    0    |    3    |
| 100.00  |    0    |    1    |    0    |
-----------------------------------------
2023-02-21T17:19:27.132114+0100 DEBUG Collecting 1 of the 1 job(s) active.
2023-02-21T17:50:14.864578+0100 DEBUG Bracket ID 1:
| budget  | pending | waiting |  done   |
-----------------------------------------
|  33.33  |    2    |    1    |    0    |
| 100.00  |    1    |    0    |    0    |
-----------------------------------------
2023-02-21T17:50:14.864802+0100 DEBUG Collecting 1 of the 1 job(s) active.
2023-02-21T17:50:14.892420+0100 INFO Total time taken: 19416.68021607399 
2023-02-21T17:50:14.892739+0100 INFO Saving optimisation trace history...
2023-02-21T19:26:43.914621+0100 INFO Test loss is 0.082 for the best found configuration: 
2023-02-21T19:26:43.914908+0100 INFO Configuration(values={
  'augment': False,
  'learning_rate_init': 0.00037646741990318943,
  'n_channels_conv_0': 410,
  'n_channels_conv_1': 497,
  'n_channels_conv_2': 398,
  'n_conv_layers': 3,
  'standardize': True,
})

