2023-02-24T23:04:35.854574+0100 INFO Arguments: ['--max_epochs=60', '--min_epochs=15', '--eta=2', '--runtime=21600', '--device=cuda', '--expname=ex_12_60_15_2_aug', '--n_proxy=10000'] 
2023-02-24T23:04:35.854998+0100 INFO Length of intial population: 10000 
2023-02-24T23:04:35.855257+0100 INFO Time spent for proxies: 1991.4456572532654  
2023-02-24T23:09:58.711486+0100 DEBUG Bracket ID 0:
| budget  | pending | waiting |  done   |
-----------------------------------------
|  15.00  |    3    |    1    |    0    |
|  30.00  |    2    |    0    |    0    |
|  60.00  |    1    |    0    |    0    |
-----------------------------------------
2023-02-24T23:09:58.711697+0100 DEBUG Collecting 1 of the 1 job(s) active.
2023-02-24T23:15:17.991661+0100 DEBUG Bracket ID 0:
| budget  | pending | waiting |  done   |
-----------------------------------------
|  15.00  |    2    |    1    |    1    |
|  30.00  |    2    |    0    |    0    |
|  60.00  |    1    |    0    |    0    |
-----------------------------------------
2023-02-24T23:15:17.991876+0100 DEBUG Collecting 1 of the 1 job(s) active.
2023-02-24T23:20:42.444531+0100 DEBUG Bracket ID 0:
| budget  | pending | waiting |  done   |
-----------------------------------------
|  15.00  |    1    |    1    |    2    |
|  30.00  |    2    |    0    |    0    |
|  60.00  |    1    |    0    |    0    |
-----------------------------------------
2023-02-24T23:20:42.444741+0100 DEBUG Collecting 1 of the 1 job(s) active.
2023-02-24T23:23:51.624701+0100 DEBUG Bracket ID 0:
| budget  | pending | waiting |  done   |
-----------------------------------------
|  15.00  |    0    |    1    |    3    |
|  30.00  |    2    |    0    |    0    |
|  60.00  |    1    |    0    |    0    |
-----------------------------------------
2023-02-24T23:23:51.624916+0100 DEBUG Collecting 1 of the 1 job(s) active.
2023-02-24T23:34:36.539779+0100 DEBUG Bracket ID 0:
| budget  | pending | waiting |  done   |
-----------------------------------------
|  15.00  |    0    |    0    |    4    |
|  30.00  |    1    |    1    |    0    |
|  60.00  |    1    |    0    |    0    |
-----------------------------------------
2023-02-24T23:34:36.539987+0100 DEBUG Collecting 1 of the 1 job(s) active.
2023-02-24T23:40:52.827857+0100 DEBUG Bracket ID 0:
| budget  | pending | waiting |  done   |
-----------------------------------------
|  15.00  |    0    |    0    |    4    |
|  30.00  |    0    |    1    |    1    |
|  60.00  |    1    |    0    |    0    |
-----------------------------------------
2023-02-24T23:40:52.828061+0100 DEBUG Collecting 1 of the 1 job(s) active.
2023-02-24T23:53:21.417757+0100 DEBUG Bracket ID 0:
| budget  | pending | waiting |  done   |
-----------------------------------------
|  15.00  |    0    |    0    |    4    |
|  30.00  |    0    |    0    |    2    |
|  60.00  |    0    |    1    |    0    |
-----------------------------------------
2023-02-24T23:53:21.417966+0100 DEBUG Collecting 1 of the 1 job(s) active.
2023-02-25T00:04:02.103484+0100 DEBUG Bracket ID 1:
| budget  | pending | waiting |  done   |
-----------------------------------------
|  30.00  |    1    |    1    |    0    |
|  60.00  |    1    |    0    |    0    |
-----------------------------------------
2023-02-25T00:04:02.103695+0100 DEBUG Collecting 1 of the 1 job(s) active.
2023-02-25T00:14:33.839066+0100 DEBUG Bracket ID 1:
| budget  | pending | waiting |  done   |
-----------------------------------------
|  30.00  |    0    |    1    |    1    |
|  60.00  |    1    |    0    |    0    |
-----------------------------------------
2023-02-25T00:14:33.839278+0100 DEBUG Collecting 1 of the 1 job(s) active.
2023-02-25T00:35:54.340186+0100 DEBUG Bracket ID 1:
| budget  | pending | waiting |  done   |
-----------------------------------------
|  30.00  |    0    |    0    |    2    |
|  60.00  |    0    |    1    |    0    |
-----------------------------------------
2023-02-25T00:35:54.340395+0100 DEBUG Collecting 1 of the 1 job(s) active.
2023-02-25T00:57:27.864873+0100 DEBUG Bracket ID 2:
| budget  | pending | waiting |  done   |
-----------------------------------------
|  60.00  |    2    |    1    |    0    |
-----------------------------------------
2023-02-25T00:57:27.865085+0100 DEBUG Collecting 1 of the 1 job(s) active.
2023-02-25T01:10:02.611291+0100 DEBUG Bracket ID 2:
| budget  | pending | waiting |  done   |
-----------------------------------------
|  60.00  |    1    |    1    |    1    |
-----------------------------------------
2023-02-25T01:10:02.611496+0100 DEBUG Collecting 1 of the 1 job(s) active.
2023-02-25T01:31:28.695140+0100 DEBUG Bracket ID 2:
| budget  | pending | waiting |  done   |
-----------------------------------------
|  60.00  |    0    |    1    |    2    |
-----------------------------------------
2023-02-25T01:31:28.695350+0100 DEBUG Collecting 1 of the 1 job(s) active.
2023-02-25T01:36:47.077545+0100 DEBUG Bracket ID 3:
| budget  | pending | waiting |  done   |
-----------------------------------------
|  15.00  |    3    |    1    |    0    |
|  30.00  |    2    |    0    |    0    |
|  60.00  |    1    |    0    |    0    |
-----------------------------------------
2023-02-25T01:36:47.077753+0100 DEBUG Collecting 1 of the 1 job(s) active.
2023-02-25T01:42:06.330010+0100 DEBUG Bracket ID 3:
| budget  | pending | waiting |  done   |
-----------------------------------------
|  15.00  |    2    |    1    |    1    |
|  30.00  |    2    |    0    |    0    |
|  60.00  |    1    |    0    |    0    |
-----------------------------------------
2023-02-25T01:42:06.330219+0100 DEBUG Collecting 1 of the 1 job(s) active.
2023-02-25T01:47:31.406148+0100 DEBUG Bracket ID 3:
| budget  | pending | waiting |  done   |
-----------------------------------------
|  15.00  |    1    |    1    |    2    |
|  30.00  |    2    |    0    |    0    |
|  60.00  |    1    |    0    |    0    |
-----------------------------------------
2023-02-25T01:47:31.406356+0100 DEBUG Collecting 1 of the 1 job(s) active.
2023-02-25T01:50:40.276397+0100 DEBUG Bracket ID 3:
| budget  | pending | waiting |  done   |
-----------------------------------------
|  15.00  |    0    |    1    |    3    |
|  30.00  |    2    |    0    |    0    |
|  60.00  |    1    |    0    |    0    |
-----------------------------------------
2023-02-25T01:50:40.276607+0100 DEBUG Collecting 1 of the 1 job(s) active.
2023-02-25T02:00:44.556717+0100 DEBUG Bracket ID 3:
| budget  | pending | waiting |  done   |
-----------------------------------------
|  15.00  |    0    |    0    |    4    |
|  30.00  |    1    |    1    |    0    |
|  60.00  |    1    |    0    |    0    |
-----------------------------------------
2023-02-25T02:00:44.556926+0100 DEBUG Collecting 1 of the 1 job(s) active.
2023-02-25T02:11:16.004924+0100 DEBUG Bracket ID 3:
| budget  | pending | waiting |  done   |
-----------------------------------------
|  15.00  |    0    |    0    |    4    |
|  30.00  |    0    |    1    |    1    |
|  60.00  |    1    |    0    |    0    |
-----------------------------------------
2023-02-25T02:11:16.005131+0100 DEBUG Collecting 1 of the 1 job(s) active.
2023-02-25T02:32:11.665196+0100 DEBUG Bracket ID 3:
| budget  | pending | waiting |  done   |
-----------------------------------------
|  15.00  |    0    |    0    |    4    |
|  30.00  |    0    |    0    |    2    |
|  60.00  |    0    |    1    |    0    |
-----------------------------------------
2023-02-25T02:32:11.665409+0100 DEBUG Collecting 1 of the 1 job(s) active.
2023-02-25T02:42:52.908711+0100 DEBUG Bracket ID 4:
| budget  | pending | waiting |  done   |
-----------------------------------------
|  30.00  |    1    |    1    |    0    |
|  60.00  |    1    |    0    |    0    |
-----------------------------------------
2023-02-25T02:42:52.908922+0100 DEBUG Collecting 1 of the 1 job(s) active.
2023-02-25T02:53:25.316411+0100 DEBUG Bracket ID 4:
| budget  | pending | waiting |  done   |
-----------------------------------------
|  30.00  |    0    |    1    |    1    |
|  60.00  |    1    |    0    |    0    |
-----------------------------------------
2023-02-25T02:53:25.316624+0100 DEBUG Collecting 1 of the 1 job(s) active.
2023-02-25T03:13:54.412109+0100 DEBUG Bracket ID 4:
| budget  | pending | waiting |  done   |
-----------------------------------------
|  30.00  |    0    |    0    |    2    |
|  60.00  |    0    |    1    |    0    |
-----------------------------------------
2023-02-25T03:13:54.412325+0100 DEBUG Collecting 1 of the 1 job(s) active.
2023-02-25T03:35:18.174255+0100 DEBUG Bracket ID 5:
| budget  | pending | waiting |  done   |
-----------------------------------------
|  60.00  |    2    |    1    |    0    |
-----------------------------------------
2023-02-25T03:35:18.174465+0100 DEBUG Collecting 1 of the 1 job(s) active.
2023-02-25T03:55:58.990630+0100 DEBUG Bracket ID 5:
| budget  | pending | waiting |  done   |
-----------------------------------------
|  60.00  |    1    |    1    |    1    |
-----------------------------------------
2023-02-25T03:55:58.990848+0100 DEBUG Collecting 1 of the 1 job(s) active.
2023-02-25T04:08:34.314935+0100 DEBUG Bracket ID 5:
| budget  | pending | waiting |  done   |
-----------------------------------------
|  60.00  |    0    |    1    |    2    |
-----------------------------------------
2023-02-25T04:08:34.315142+0100 DEBUG Collecting 1 of the 1 job(s) active.
2023-02-25T04:13:52.871505+0100 DEBUG Bracket ID 6:
| budget  | pending | waiting |  done   |
-----------------------------------------
|  15.00  |    3    |    1    |    0    |
|  30.00  |    2    |    0    |    0    |
|  60.00  |    1    |    0    |    0    |
-----------------------------------------
2023-02-25T04:13:52.871725+0100 DEBUG Collecting 1 of the 1 job(s) active.
2023-02-25T04:19:11.585892+0100 DEBUG Bracket ID 6:
| budget  | pending | waiting |  done   |
-----------------------------------------
|  15.00  |    2    |    1    |    1    |
|  30.00  |    2    |    0    |    0    |
|  60.00  |    1    |    0    |    0    |
-----------------------------------------
2023-02-25T04:19:11.586103+0100 DEBUG Collecting 1 of the 1 job(s) active.
2023-02-25T04:24:36.892101+0100 DEBUG Bracket ID 6:
| budget  | pending | waiting |  done   |
-----------------------------------------
|  15.00  |    1    |    1    |    2    |
|  30.00  |    2    |    0    |    0    |
|  60.00  |    1    |    0    |    0    |
-----------------------------------------
2023-02-25T04:24:36.892313+0100 DEBUG Collecting 1 of the 1 job(s) active.
2023-02-25T04:27:45.610569+0100 DEBUG Bracket ID 6:
| budget  | pending | waiting |  done   |
-----------------------------------------
|  15.00  |    0    |    1    |    3    |
|  30.00  |    2    |    0    |    0    |
|  60.00  |    1    |    0    |    0    |
-----------------------------------------
2023-02-25T04:27:45.610782+0100 DEBUG Collecting 1 of the 1 job(s) active.
2023-02-25T04:37:52.441813+0100 DEBUG Bracket ID 6:
| budget  | pending | waiting |  done   |
-----------------------------------------
|  15.00  |    0    |    0    |    4    |
|  30.00  |    1    |    1    |    0    |
|  60.00  |    1    |    0    |    0    |
-----------------------------------------
2023-02-25T04:37:52.442024+0100 DEBUG Collecting 1 of the 1 job(s) active.
2023-02-25T04:37:52.465292+0100 INFO Total time taken: 19996.648909330368 
2023-02-25T04:37:52.465892+0100 INFO Saving optimisation trace history...
2023-02-25T05:13:19.642342+0100 INFO Test loss is 0.900 for the best found configuration: 
2023-02-25T05:13:19.642613+0100 INFO Configuration(values={
  'augment': True,
  'learning_rate_init': 0.13278754447497895,
  'n_channels_conv_0': 62,
  'n_channels_conv_1': 122,
  'n_channels_conv_2': 256,
  'n_conv_layers': 3,
  'standardize': False,
})

