2023-02-20T12:25:47.572347+0100 INFO Arguments: ['--max_epochs=70', '--min_epochs=10', '--eta=2', '--runtime=21600', '--device=cuda', '--expname=ex_06_70_10_2_aug_ordered_dict', '--n_proxy=1000'] 
2023-02-20T12:25:47.573511+0100 INFO Length of intial population: 1000 
2023-02-20T12:25:47.574242+0100 INFO Time spent for proxies: 144.56831860542297  
2023-02-20T12:49:42.499651+0100 DEBUG Bracket ID 0:
| budget  | pending | waiting |  done   |
-----------------------------------------
|  17.50  |    3    |    1    |    0    |
|  35.00  |    2    |    0    |    0    |
|  70.00  |    1    |    0    |    0    |
-----------------------------------------
2023-02-20T12:49:42.499854+0100 DEBUG Collecting 1 of the 1 job(s) active.
2023-02-20T13:10:57.636560+0100 DEBUG Bracket ID 0:
| budget  | pending | waiting |  done   |
-----------------------------------------
|  17.50  |    2    |    1    |    1    |
|  35.00  |    2    |    0    |    0    |
|  70.00  |    1    |    0    |    0    |
-----------------------------------------
2023-02-20T13:10:57.636752+0100 DEBUG Collecting 1 of the 1 job(s) active.
2023-02-20T13:43:21.048215+0100 DEBUG Bracket ID 0:
| budget  | pending | waiting |  done   |
-----------------------------------------
|  17.50  |    1    |    1    |    2    |
|  35.00  |    2    |    0    |    0    |
|  70.00  |    1    |    0    |    0    |
-----------------------------------------
2023-02-20T13:43:21.048410+0100 DEBUG Collecting 1 of the 1 job(s) active.
2023-02-20T14:08:24.823196+0100 DEBUG Bracket ID 0:
| budget  | pending | waiting |  done   |
-----------------------------------------
|  17.50  |    0    |    1    |    3    |
|  35.00  |    2    |    0    |    0    |
|  70.00  |    1    |    0    |    0    |
-----------------------------------------
2023-02-20T14:08:24.823393+0100 DEBUG Collecting 1 of the 1 job(s) active.
2023-02-20T14:54:46.060683+0100 DEBUG Bracket ID 0:
| budget  | pending | waiting |  done   |
-----------------------------------------
|  17.50  |    0    |    0    |    4    |
|  35.00  |    1    |    1    |    0    |
|  70.00  |    1    |    0    |    0    |
-----------------------------------------
2023-02-20T14:54:46.060877+0100 DEBUG Collecting 1 of the 1 job(s) active.
2023-02-20T15:35:56.208302+0100 DEBUG Bracket ID 0:
| budget  | pending | waiting |  done   |
-----------------------------------------
|  17.50  |    0    |    0    |    4    |
|  35.00  |    0    |    1    |    1    |
|  70.00  |    1    |    0    |    0    |
-----------------------------------------
2023-02-20T15:35:56.208498+0100 DEBUG Collecting 1 of the 1 job(s) active.
2023-02-20T16:58:07.371613+0100 DEBUG Bracket ID 0:
| budget  | pending | waiting |  done   |
-----------------------------------------
|  17.50  |    0    |    0    |    4    |
|  35.00  |    0    |    0    |    2    |
|  70.00  |    0    |    1    |    0    |
-----------------------------------------
2023-02-20T16:58:07.371818+0100 DEBUG Collecting 1 of the 1 job(s) active.
2023-02-20T17:44:34.208847+0100 DEBUG Bracket ID 1:
| budget  | pending | waiting |  done   |
-----------------------------------------
|  35.00  |    1    |    1    |    0    |
|  70.00  |    1    |    0    |    0    |
-----------------------------------------
2023-02-20T17:44:34.209044+0100 DEBUG Collecting 1 of the 1 job(s) active.
2023-02-20T18:25:46.088038+0100 DEBUG Bracket ID 1:
| budget  | pending | waiting |  done   |
-----------------------------------------
|  35.00  |    0    |    1    |    1    |
|  70.00  |    1    |    0    |    0    |
-----------------------------------------
2023-02-20T18:25:46.088235+0100 DEBUG Collecting 1 of the 1 job(s) active.
2023-02-20T18:25:46.161545+0100 INFO Total time taken: 21598.719439029694 
2023-02-20T18:25:46.162260+0100 INFO Saving optimisation trace history...
