2023-02-23T18:13:30.928643+0100 INFO Arguments: ['--max_epochs=50', '--min_epochs=4', '--eta=3', '--runtime=21600', '--device=cuda', '--expname=ex_09_70_4_3_aug', '--n_proxy=1000'] 
2023-02-23T18:13:30.929642+0100 INFO Length of intial population: 1000 
2023-02-23T18:13:30.930362+0100 INFO Time spent for proxies: 258.13841819763184  
2023-02-23T18:15:41.932976+0100 DEBUG Bracket ID 0:
| budget  | pending | waiting |  done   |
-----------------------------------------
|  5.56   |    8    |    1    |    0    |
|  16.67  |    3    |    0    |    0    |
|  50.00  |    1    |    0    |    0    |
-----------------------------------------
2023-02-23T18:15:41.933173+0100 DEBUG Collecting 1 of the 1 job(s) active.
2023-02-23T18:18:09.627559+0100 DEBUG Bracket ID 0:
| budget  | pending | waiting |  done   |
-----------------------------------------
|  5.56   |    7    |    1    |    1    |
|  16.67  |    3    |    0    |    0    |
|  50.00  |    1    |    0    |    0    |
-----------------------------------------
2023-02-23T18:18:09.627760+0100 DEBUG Collecting 1 of the 1 job(s) active.
2023-02-23T18:20:28.438387+0100 DEBUG Bracket ID 0:
| budget  | pending | waiting |  done   |
-----------------------------------------
|  5.56   |    6    |    1    |    2    |
|  16.67  |    3    |    0    |    0    |
|  50.00  |    1    |    0    |    0    |
-----------------------------------------
2023-02-23T18:20:28.438584+0100 DEBUG Collecting 1 of the 1 job(s) active.
2023-02-23T18:24:03.444458+0100 DEBUG Bracket ID 0:
| budget  | pending | waiting |  done   |
-----------------------------------------
|  5.56   |    5    |    1    |    3    |
|  16.67  |    3    |    0    |    0    |
|  50.00  |    1    |    0    |    0    |
-----------------------------------------
2023-02-23T18:24:03.444656+0100 DEBUG Collecting 1 of the 1 job(s) active.
2023-02-23T18:26:34.738828+0100 DEBUG Bracket ID 0:
| budget  | pending | waiting |  done   |
-----------------------------------------
|  5.56   |    4    |    1    |    4    |
|  16.67  |    3    |    0    |    0    |
|  50.00  |    1    |    0    |    0    |
-----------------------------------------
2023-02-23T18:26:34.739028+0100 DEBUG Collecting 1 of the 1 job(s) active.
2023-02-23T18:29:51.466851+0100 DEBUG Bracket ID 0:
| budget  | pending | waiting |  done   |
-----------------------------------------
|  5.56   |    3    |    1    |    5    |
|  16.67  |    3    |    0    |    0    |
|  50.00  |    1    |    0    |    0    |
-----------------------------------------
2023-02-23T18:29:51.467047+0100 DEBUG Collecting 1 of the 1 job(s) active.
2023-02-23T18:33:16.041946+0100 DEBUG Bracket ID 0:
| budget  | pending | waiting |  done   |
-----------------------------------------
|  5.56   |    2    |    1    |    6    |
|  16.67  |    3    |    0    |    0    |
|  50.00  |    1    |    0    |    0    |
-----------------------------------------
2023-02-23T18:33:16.042140+0100 DEBUG Collecting 1 of the 1 job(s) active.
2023-02-23T18:36:30.748053+0100 DEBUG Bracket ID 0:
| budget  | pending | waiting |  done   |
-----------------------------------------
|  5.56   |    1    |    1    |    7    |
|  16.67  |    3    |    0    |    0    |
|  50.00  |    1    |    0    |    0    |
-----------------------------------------
2023-02-23T18:36:30.748249+0100 DEBUG Collecting 1 of the 1 job(s) active.
2023-02-23T18:39:18.442251+0100 DEBUG Bracket ID 0:
| budget  | pending | waiting |  done   |
-----------------------------------------
|  5.56   |    0    |    1    |    8    |
|  16.67  |    3    |    0    |    0    |
|  50.00  |    1    |    0    |    0    |
-----------------------------------------
2023-02-23T18:39:18.442446+0100 DEBUG Collecting 1 of the 1 job(s) active.
2023-02-23T18:45:17.781706+0100 DEBUG Bracket ID 0:
| budget  | pending | waiting |  done   |
-----------------------------------------
|  5.56   |    0    |    0    |    9    |
|  16.67  |    2    |    1    |    0    |
|  50.00  |    1    |    0    |    0    |
-----------------------------------------
2023-02-23T18:45:17.781903+0100 DEBUG Collecting 1 of the 1 job(s) active.
2023-02-23T18:52:09.678482+0100 DEBUG Bracket ID 0:
| budget  | pending | waiting |  done   |
-----------------------------------------
|  5.56   |    0    |    0    |    9    |
|  16.67  |    1    |    1    |    1    |
|  50.00  |    1    |    0    |    0    |
-----------------------------------------
2023-02-23T18:52:09.678679+0100 DEBUG Collecting 1 of the 1 job(s) active.
2023-02-23T18:59:11.010757+0100 DEBUG Bracket ID 0:
| budget  | pending | waiting |  done   |
-----------------------------------------
|  5.56   |    0    |    0    |    9    |
|  16.67  |    0    |    1    |    2    |
|  50.00  |    1    |    0    |    0    |
-----------------------------------------
2023-02-23T18:59:11.010957+0100 DEBUG Collecting 1 of the 1 job(s) active.
2023-02-23T19:16:40.298255+0100 DEBUG Bracket ID 0:
| budget  | pending | waiting |  done   |
-----------------------------------------
|  5.56   |    0    |    0    |    9    |
|  16.67  |    0    |    0    |    3    |
|  50.00  |    0    |    1    |    0    |
-----------------------------------------
2023-02-23T19:16:40.298454+0100 DEBUG Collecting 1 of the 1 job(s) active.
2023-02-23T19:23:01.213114+0100 DEBUG Bracket ID 1:
| budget  | pending | waiting |  done   |
-----------------------------------------
|  16.67  |    2    |    1    |    0    |
|  50.00  |    1    |    0    |    0    |
-----------------------------------------
2023-02-23T19:23:01.213312+0100 DEBUG Collecting 1 of the 1 job(s) active.
2023-02-23T19:30:58.730637+0100 DEBUG Bracket ID 1:
| budget  | pending | waiting |  done   |
-----------------------------------------
|  16.67  |    1    |    1    |    1    |
|  50.00  |    1    |    0    |    0    |
-----------------------------------------
2023-02-23T19:30:58.730838+0100 DEBUG Collecting 1 of the 1 job(s) active.
2023-02-23T19:37:49.338875+0100 DEBUG Bracket ID 1:
| budget  | pending | waiting |  done   |
-----------------------------------------
|  16.67  |    0    |    1    |    2    |
|  50.00  |    1    |    0    |    0    |
-----------------------------------------
2023-02-23T19:37:49.339079+0100 DEBUG Collecting 1 of the 1 job(s) active.
2023-02-23T19:58:17.025357+0100 DEBUG Bracket ID 1:
| budget  | pending | waiting |  done   |
-----------------------------------------
|  16.67  |    0    |    0    |    3    |
|  50.00  |    0    |    1    |    0    |
-----------------------------------------
2023-02-23T19:58:17.025555+0100 DEBUG Collecting 1 of the 1 job(s) active.
2023-02-23T20:21:01.198984+0100 DEBUG Bracket ID 2:
| budget  | pending | waiting |  done   |
-----------------------------------------
|  50.00  |    2    |    1    |    0    |
-----------------------------------------
2023-02-23T20:21:01.199187+0100 DEBUG Collecting 1 of the 1 job(s) active.
2023-02-23T20:38:30.109158+0100 DEBUG Bracket ID 2:
| budget  | pending | waiting |  done   |
-----------------------------------------
|  50.00  |    1    |    1    |    1    |
-----------------------------------------
2023-02-23T20:38:30.109355+0100 DEBUG Collecting 1 of the 1 job(s) active.
2023-02-23T20:53:19.920288+0100 DEBUG Bracket ID 2:
| budget  | pending | waiting |  done   |
-----------------------------------------
|  50.00  |    0    |    1    |    2    |
-----------------------------------------
2023-02-23T20:53:19.920487+0100 DEBUG Collecting 1 of the 1 job(s) active.
2023-02-23T20:56:21.001472+0100 DEBUG Bracket ID 3:
| budget  | pending | waiting |  done   |
-----------------------------------------
|  5.56   |    8    |    1    |    0    |
|  16.67  |    3    |    0    |    0    |
|  50.00  |    1    |    0    |    0    |
-----------------------------------------
2023-02-23T20:56:21.001694+0100 DEBUG Collecting 1 of the 1 job(s) active.
2023-02-23T20:59:03.205352+0100 DEBUG Bracket ID 3:
| budget  | pending | waiting |  done   |
-----------------------------------------
|  5.56   |    7    |    1    |    1    |
|  16.67  |    3    |    0    |    0    |
|  50.00  |    1    |    0    |    0    |
-----------------------------------------
2023-02-23T20:59:03.205565+0100 DEBUG Collecting 1 of the 1 job(s) active.
2023-02-23T21:01:46.162157+0100 DEBUG Bracket ID 3:
| budget  | pending | waiting |  done   |
-----------------------------------------
|  5.56   |    6    |    1    |    2    |
|  16.67  |    3    |    0    |    0    |
|  50.00  |    1    |    0    |    0    |
-----------------------------------------
2023-02-23T21:01:46.162360+0100 DEBUG Collecting 1 of the 1 job(s) active.
2023-02-23T21:03:45.338269+0100 DEBUG Bracket ID 3:
| budget  | pending | waiting |  done   |
-----------------------------------------
|  5.56   |    5    |    1    |    3    |
|  16.67  |    3    |    0    |    0    |
|  50.00  |    1    |    0    |    0    |
-----------------------------------------
2023-02-23T21:03:45.338471+0100 DEBUG Collecting 1 of the 1 job(s) active.
2023-02-23T21:05:56.907326+0100 DEBUG Bracket ID 3:
| budget  | pending | waiting |  done   |
-----------------------------------------
|  5.56   |    4    |    1    |    4    |
|  16.67  |    3    |    0    |    0    |
|  50.00  |    1    |    0    |    0    |
-----------------------------------------
2023-02-23T21:05:56.907528+0100 DEBUG Collecting 1 of the 1 job(s) active.
2023-02-23T21:09:13.774779+0100 DEBUG Bracket ID 3:
| budget  | pending | waiting |  done   |
-----------------------------------------
|  5.56   |    3    |    1    |    5    |
|  16.67  |    3    |    0    |    0    |
|  50.00  |    1    |    0    |    0    |
-----------------------------------------
2023-02-23T21:09:13.774983+0100 DEBUG Collecting 1 of the 1 job(s) active.
2023-02-23T21:12:28.000567+0100 DEBUG Bracket ID 3:
| budget  | pending | waiting |  done   |
-----------------------------------------
|  5.56   |    2    |    1    |    6    |
|  16.67  |    3    |    0    |    0    |
|  50.00  |    1    |    0    |    0    |
-----------------------------------------
2023-02-23T21:12:28.000773+0100 DEBUG Collecting 1 of the 1 job(s) active.
2023-02-23T21:14:17.474813+0100 DEBUG Bracket ID 3:
| budget  | pending | waiting |  done   |
-----------------------------------------
|  5.56   |    1    |    1    |    7    |
|  16.67  |    3    |    0    |    0    |
|  50.00  |    1    |    0    |    0    |
-----------------------------------------
2023-02-23T21:14:17.475019+0100 DEBUG Collecting 1 of the 1 job(s) active.
2023-02-23T21:17:41.102838+0100 DEBUG Bracket ID 3:
| budget  | pending | waiting |  done   |
-----------------------------------------
|  5.56   |    0    |    1    |    8    |
|  16.67  |    3    |    0    |    0    |
|  50.00  |    1    |    0    |    0    |
-----------------------------------------
2023-02-23T21:17:41.103041+0100 DEBUG Collecting 1 of the 1 job(s) active.
2023-02-23T21:23:18.929062+0100 DEBUG Bracket ID 3:
| budget  | pending | waiting |  done   |
-----------------------------------------
|  5.56   |    0    |    0    |    9    |
|  16.67  |    2    |    1    |    0    |
|  50.00  |    1    |    0    |    0    |
-----------------------------------------
2023-02-23T21:23:18.929263+0100 DEBUG Collecting 1 of the 1 job(s) active.
2023-02-23T21:30:28.856494+0100 DEBUG Bracket ID 3:
| budget  | pending | waiting |  done   |
-----------------------------------------
|  5.56   |    0    |    0    |    9    |
|  16.67  |    1    |    1    |    1    |
|  50.00  |    1    |    0    |    0    |
-----------------------------------------
2023-02-23T21:30:28.856718+0100 DEBUG Collecting 1 of the 1 job(s) active.
2023-02-23T21:36:00.347901+0100 DEBUG Bracket ID 3:
| budget  | pending | waiting |  done   |
-----------------------------------------
|  5.56   |    0    |    0    |    9    |
|  16.67  |    0    |    1    |    2    |
|  50.00  |    1    |    0    |    0    |
-----------------------------------------
2023-02-23T21:36:00.348105+0100 DEBUG Collecting 1 of the 1 job(s) active.
2023-02-23T21:57:56.912438+0100 DEBUG Bracket ID 3:
| budget  | pending | waiting |  done   |
-----------------------------------------
|  5.56   |    0    |    0    |    9    |
|  16.67  |    0    |    0    |    3    |
|  50.00  |    0    |    1    |    0    |
-----------------------------------------
2023-02-23T21:57:56.912652+0100 DEBUG Collecting 1 of the 1 job(s) active.
2023-02-23T22:03:02.104996+0100 DEBUG Bracket ID 4:
| budget  | pending | waiting |  done   |
-----------------------------------------
|  16.67  |    2    |    1    |    0    |
|  50.00  |    1    |    0    |    0    |
-----------------------------------------
2023-02-23T22:03:02.105194+0100 DEBUG Collecting 1 of the 1 job(s) active.
2023-02-23T22:11:31.285583+0100 DEBUG Bracket ID 4:
| budget  | pending | waiting |  done   |
-----------------------------------------
|  16.67  |    1    |    1    |    1    |
|  50.00  |    1    |    0    |    0    |
-----------------------------------------
2023-02-23T22:11:31.285786+0100 DEBUG Collecting 1 of the 1 job(s) active.
2023-02-23T22:18:25.938727+0100 DEBUG Bracket ID 4:
| budget  | pending | waiting |  done   |
-----------------------------------------
|  16.67  |    0    |    1    |    2    |
|  50.00  |    1    |    0    |    0    |
-----------------------------------------
2023-02-23T22:18:25.938931+0100 DEBUG Collecting 1 of the 1 job(s) active.
2023-02-23T22:43:24.824479+0100 DEBUG Bracket ID 4:
| budget  | pending | waiting |  done   |
-----------------------------------------
|  16.67  |    0    |    0    |    3    |
|  50.00  |    0    |    1    |    0    |
-----------------------------------------
2023-02-23T22:43:24.824678+0100 DEBUG Collecting 1 of the 1 job(s) active.
2023-02-23T23:05:56.233286+0100 DEBUG Bracket ID 5:
| budget  | pending | waiting |  done   |
-----------------------------------------
|  50.00  |    2    |    1    |    0    |
-----------------------------------------
2023-02-23T23:05:56.233485+0100 DEBUG Collecting 1 of the 1 job(s) active.
2023-02-23T23:34:07.504702+0100 DEBUG Bracket ID 5:
| budget  | pending | waiting |  done   |
-----------------------------------------
|  50.00  |    1    |    1    |    1    |
-----------------------------------------
2023-02-23T23:34:07.504903+0100 DEBUG Collecting 1 of the 1 job(s) active.
2023-02-23T23:57:33.647477+0100 DEBUG Bracket ID 5:
| budget  | pending | waiting |  done   |
-----------------------------------------
|  50.00  |    0    |    1    |    2    |
-----------------------------------------
2023-02-23T23:57:33.647676+0100 DEBUG Collecting 1 of the 1 job(s) active.
2023-02-24T00:00:35.992850+0100 DEBUG Bracket ID 6:
| budget  | pending | waiting |  done   |
-----------------------------------------
|  5.56   |    8    |    1    |    0    |
|  16.67  |    3    |    0    |    0    |
|  50.00  |    1    |    0    |    0    |
-----------------------------------------
2023-02-24T00:00:35.993051+0100 DEBUG Collecting 1 of the 1 job(s) active.
2023-02-24T00:04:02.594491+0100 DEBUG Bracket ID 6:
| budget  | pending | waiting |  done   |
-----------------------------------------
|  5.56   |    7    |    1    |    1    |
|  16.67  |    3    |    0    |    0    |
|  50.00  |    1    |    0    |    0    |
-----------------------------------------
2023-02-24T00:04:02.594687+0100 DEBUG Collecting 1 of the 1 job(s) active.
2023-02-24T00:06:21.060864+0100 DEBUG Bracket ID 6:
| budget  | pending | waiting |  done   |
-----------------------------------------
|  5.56   |    6    |    1    |    2    |
|  16.67  |    3    |    0    |    0    |
|  50.00  |    1    |    0    |    0    |
-----------------------------------------
2023-02-24T00:06:21.061064+0100 DEBUG Collecting 1 of the 1 job(s) active.
2023-02-24T00:08:12.035464+0100 DEBUG Bracket ID 6:
| budget  | pending | waiting |  done   |
-----------------------------------------
|  5.56   |    5    |    1    |    3    |
|  16.67  |    3    |    0    |    0    |
|  50.00  |    1    |    0    |    0    |
-----------------------------------------
2023-02-24T00:08:12.035667+0100 DEBUG Collecting 1 of the 1 job(s) active.
2023-02-24T00:10:52.185817+0100 DEBUG Bracket ID 6:
| budget  | pending | waiting |  done   |
-----------------------------------------
|  5.56   |    4    |    1    |    4    |
|  16.67  |    3    |    0    |    0    |
|  50.00  |    1    |    0    |    0    |
-----------------------------------------
2023-02-24T00:10:52.186018+0100 DEBUG Collecting 1 of the 1 job(s) active.
2023-02-24T00:10:52.207443+0100 INFO Total time taken: 21441.305633068085 
2023-02-24T00:10:52.207730+0100 INFO Saving optimisation trace history...
2023-02-24T00:45:46.248045+0100 INFO Test loss is 0.087 for the best found configuration: 
2023-02-24T00:45:46.248304+0100 INFO Configuration(values={
  'augment': False,
  'learning_rate_init': 0.0003767459946359203,
  'n_channels_conv_0': 152,
  'n_channels_conv_1': 202,
  'n_channels_conv_2': 170,
  'n_conv_layers': 3,
  'standardize': True,
})

