2023-02-19T12:04:32.482876+0100 INFO Arguments: ['--max_epochs=100', '--min_epochs=10', '--eta=2', '--runtime=21600', '--device=cuda', '--expname=ex_04_100_10_2', '--n_proxy=10000'] 
2023-02-19T12:04:32.483661+0100 INFO Length of intial population: 10000 
2023-02-19T12:04:32.485492+0100 INFO Length of intial population: 10000 
2023-02-19T12:04:32.485858+0100 INFO Time spent for proxies: 1410.1631829738617  
2023-02-19T12:26:57.019249+0100 DEBUG Bracket ID 0:
| budget  | pending | waiting |  done   |
-----------------------------------------
|  12.50  |    7    |    1    |    0    |
|  25.00  |    4    |    0    |    0    |
|  50.00  |    2    |    0    |    0    |
| 100.00  |    1    |    0    |    0    |
-----------------------------------------
2023-02-19T12:26:57.019442+0100 DEBUG Collecting 1 of the 1 job(s) active.
2023-02-19T12:48:11.053471+0100 DEBUG Bracket ID 0:
| budget  | pending | waiting |  done   |
-----------------------------------------
|  12.50  |    6    |    1    |    1    |
|  25.00  |    4    |    0    |    0    |
|  50.00  |    2    |    0    |    0    |
| 100.00  |    1    |    0    |    0    |
-----------------------------------------
2023-02-19T12:48:11.053663+0100 DEBUG Collecting 1 of the 1 job(s) active.
2023-02-19T13:09:54.655993+0100 DEBUG Bracket ID 0:
| budget  | pending | waiting |  done   |
-----------------------------------------
|  12.50  |    5    |    1    |    2    |
|  25.00  |    4    |    0    |    0    |
|  50.00  |    2    |    0    |    0    |
| 100.00  |    1    |    0    |    0    |
-----------------------------------------
2023-02-19T13:09:54.656187+0100 DEBUG Collecting 1 of the 1 job(s) active.
2023-02-19T13:26:41.858743+0100 DEBUG Bracket ID 0:
| budget  | pending | waiting |  done   |
-----------------------------------------
|  12.50  |    4    |    1    |    3    |
|  25.00  |    4    |    0    |    0    |
|  50.00  |    2    |    0    |    0    |
| 100.00  |    1    |    0    |    0    |
-----------------------------------------
2023-02-19T13:26:41.858935+0100 DEBUG Collecting 1 of the 1 job(s) active.
2023-02-19T13:47:38.396719+0100 DEBUG Bracket ID 0:
| budget  | pending | waiting |  done   |
-----------------------------------------
|  12.50  |    3    |    1    |    4    |
|  25.00  |    4    |    0    |    0    |
|  50.00  |    2    |    0    |    0    |
| 100.00  |    1    |    0    |    0    |
-----------------------------------------
2023-02-19T13:47:38.396909+0100 DEBUG Collecting 1 of the 1 job(s) active.
2023-02-19T14:08:21.441668+0100 DEBUG Bracket ID 0:
| budget  | pending | waiting |  done   |
-----------------------------------------
|  12.50  |    2    |    1    |    5    |
|  25.00  |    4    |    0    |    0    |
|  50.00  |    2    |    0    |    0    |
| 100.00  |    1    |    0    |    0    |
-----------------------------------------
2023-02-19T14:08:21.441861+0100 DEBUG Collecting 1 of the 1 job(s) active.
2023-02-19T14:24:40.614695+0100 DEBUG Bracket ID 0:
| budget  | pending | waiting |  done   |
-----------------------------------------
|  12.50  |    1    |    1    |    6    |
|  25.00  |    4    |    0    |    0    |
|  50.00  |    2    |    0    |    0    |
| 100.00  |    1    |    0    |    0    |
-----------------------------------------
2023-02-19T14:24:40.614886+0100 DEBUG Collecting 1 of the 1 job(s) active.
2023-02-19T14:33:19.751989+0100 DEBUG Bracket ID 0:
| budget  | pending | waiting |  done   |
-----------------------------------------
|  12.50  |    0    |    1    |    7    |
|  25.00  |    4    |    0    |    0    |
|  50.00  |    2    |    0    |    0    |
| 100.00  |    1    |    0    |    0    |
-----------------------------------------
2023-02-19T14:33:19.752181+0100 DEBUG Collecting 1 of the 1 job(s) active.
2023-02-19T15:13:00.938271+0100 DEBUG Bracket ID 0:
| budget  | pending | waiting |  done   |
-----------------------------------------
|  12.50  |    0    |    0    |    8    |
|  25.00  |    3    |    1    |    0    |
|  50.00  |    2    |    0    |    0    |
| 100.00  |    1    |    0    |    0    |
-----------------------------------------
2023-02-19T15:13:00.938668+0100 DEBUG Collecting 1 of the 1 job(s) active.
2023-02-19T15:55:44.292467+0100 DEBUG Bracket ID 0:
| budget  | pending | waiting |  done   |
-----------------------------------------
|  12.50  |    0    |    0    |    8    |
|  25.00  |    2    |    1    |    1    |
|  50.00  |    2    |    0    |    0    |
| 100.00  |    1    |    0    |    0    |
-----------------------------------------
2023-02-19T15:55:44.292668+0100 DEBUG Collecting 1 of the 1 job(s) active.
2023-02-19T16:12:27.454240+0100 DEBUG Bracket ID 0:
| budget  | pending | waiting |  done   |
-----------------------------------------
|  12.50  |    0    |    0    |    8    |
|  25.00  |    1    |    1    |    2    |
|  50.00  |    2    |    0    |    0    |
| 100.00  |    1    |    0    |    0    |
-----------------------------------------
2023-02-19T16:12:27.454445+0100 DEBUG Collecting 1 of the 1 job(s) active.
2023-02-19T16:44:39.428943+0100 DEBUG Bracket ID 0:
| budget  | pending | waiting |  done   |
-----------------------------------------
|  12.50  |    0    |    0    |    8    |
|  25.00  |    0    |    1    |    3    |
|  50.00  |    2    |    0    |    0    |
| 100.00  |    1    |    0    |    0    |
-----------------------------------------
2023-02-19T16:44:39.429137+0100 DEBUG Collecting 1 of the 1 job(s) active.
2023-02-19T18:09:48.991443+0100 DEBUG Bracket ID 0:
| budget  | pending | waiting |  done   |
-----------------------------------------
|  12.50  |    0    |    0    |    8    |
|  25.00  |    0    |    0    |    4    |
|  50.00  |    1    |    1    |    0    |
| 100.00  |    1    |    0    |    0    |
-----------------------------------------
2023-02-19T18:09:48.991634+0100 DEBUG Collecting 1 of the 1 job(s) active.
2023-02-19T18:09:49.014965+0100 INFO Total time taken: 21916.54386997223 
2023-02-19T18:09:49.015755+0100 INFO Saving optimisation trace history...
2023-02-19T20:59:58.289292+0100 INFO Test loss is 0.077 for the best found configuration: 
2023-02-19T20:59:58.289688+0100 INFO Configuration(values={
  'learning_rate_init': 0.00010821788205257151,
  'n_channels_conv_0': 500,
  'n_channels_conv_1': 505,
  'n_channels_conv_2': 510,
  'n_conv_layers': 3,
})

