2023-02-24T11:12:21.031684+0100 INFO Arguments: ['--max_epochs=60', '--min_epochs=4', '--eta=2', '--runtime=21600', '--device=cuda', '--expname=ex_11_60_4_2_aug', '--n_proxy=10000'] 
2023-02-24T11:12:21.032708+0100 INFO Length of intial population: 10000 
2023-02-24T11:12:21.033350+0100 INFO Time spent for proxies: 1823.9482717514038  
2023-02-24T11:14:50.432959+0100 DEBUG Bracket ID 0:
| budget  | pending | waiting |  done   |
-----------------------------------------
|  7.50   |    7    |    1    |    0    |
|  15.00  |    4    |    0    |    0    |
|  30.00  |    2    |    0    |    0    |
|  60.00  |    1    |    0    |    0    |
-----------------------------------------
2023-02-24T11:14:50.433165+0100 DEBUG Collecting 1 of the 1 job(s) active.
2023-02-24T11:16:05.602782+0100 DEBUG Bracket ID 0:
| budget  | pending | waiting |  done   |
-----------------------------------------
|  7.50   |    6    |    1    |    1    |
|  15.00  |    4    |    0    |    0    |
|  30.00  |    2    |    0    |    0    |
|  60.00  |    1    |    0    |    0    |
-----------------------------------------
2023-02-24T11:16:05.602989+0100 DEBUG Collecting 1 of the 1 job(s) active.
2023-02-24T11:18:36.783492+0100 DEBUG Bracket ID 0:
| budget  | pending | waiting |  done   |
-----------------------------------------
|  7.50   |    5    |    1    |    2    |
|  15.00  |    4    |    0    |    0    |
|  30.00  |    2    |    0    |    0    |
|  60.00  |    1    |    0    |    0    |
-----------------------------------------
2023-02-24T11:18:36.783700+0100 DEBUG Collecting 1 of the 1 job(s) active.
2023-02-24T11:21:09.718804+0100 DEBUG Bracket ID 0:
| budget  | pending | waiting |  done   |
-----------------------------------------
|  7.50   |    4    |    1    |    3    |
|  15.00  |    4    |    0    |    0    |
|  30.00  |    2    |    0    |    0    |
|  60.00  |    1    |    0    |    0    |
-----------------------------------------
2023-02-24T11:21:09.719008+0100 DEBUG Collecting 1 of the 1 job(s) active.
2023-02-24T11:22:18.713864+0100 DEBUG Bracket ID 0:
| budget  | pending | waiting |  done   |
-----------------------------------------
|  7.50   |    3    |    1    |    4    |
|  15.00  |    4    |    0    |    0    |
|  30.00  |    2    |    0    |    0    |
|  60.00  |    1    |    0    |    0    |
-----------------------------------------
2023-02-24T11:22:18.714066+0100 DEBUG Collecting 1 of the 1 job(s) active.
2023-02-24T11:24:44.628777+0100 DEBUG Bracket ID 0:
| budget  | pending | waiting |  done   |
-----------------------------------------
|  7.50   |    2    |    1    |    5    |
|  15.00  |    4    |    0    |    0    |
|  30.00  |    2    |    0    |    0    |
|  60.00  |    1    |    0    |    0    |
-----------------------------------------
2023-02-24T11:24:44.628982+0100 DEBUG Collecting 1 of the 1 job(s) active.
2023-02-24T11:25:55.134359+0100 DEBUG Bracket ID 0:
| budget  | pending | waiting |  done   |
-----------------------------------------
|  7.50   |    1    |    1    |    6    |
|  15.00  |    4    |    0    |    0    |
|  30.00  |    2    |    0    |    0    |
|  60.00  |    1    |    0    |    0    |
-----------------------------------------
2023-02-24T11:25:55.134563+0100 DEBUG Collecting 1 of the 1 job(s) active.
2023-02-24T11:28:23.704470+0100 DEBUG Bracket ID 0:
| budget  | pending | waiting |  done   |
-----------------------------------------
|  7.50   |    0    |    1    |    7    |
|  15.00  |    4    |    0    |    0    |
|  30.00  |    2    |    0    |    0    |
|  60.00  |    1    |    0    |    0    |
-----------------------------------------
2023-02-24T11:28:23.704679+0100 DEBUG Collecting 1 of the 1 job(s) active.
2023-02-24T11:30:33.338485+0100 DEBUG Bracket ID 0:
| budget  | pending | waiting |  done   |
-----------------------------------------
|  7.50   |    0    |    0    |    8    |
|  15.00  |    3    |    1    |    0    |
|  30.00  |    2    |    0    |    0    |
|  60.00  |    1    |    0    |    0    |
-----------------------------------------
2023-02-24T11:30:33.338690+0100 DEBUG Collecting 1 of the 1 job(s) active.
2023-02-24T11:32:40.901847+0100 DEBUG Bracket ID 0:
| budget  | pending | waiting |  done   |
-----------------------------------------
|  7.50   |    0    |    0    |    8    |
|  15.00  |    2    |    1    |    1    |
|  30.00  |    2    |    0    |    0    |
|  60.00  |    1    |    0    |    0    |
-----------------------------------------
2023-02-24T11:32:40.902054+0100 DEBUG Collecting 1 of the 1 job(s) active.
2023-02-24T11:37:14.953846+0100 DEBUG Bracket ID 0:
| budget  | pending | waiting |  done   |
-----------------------------------------
|  7.50   |    0    |    0    |    8    |
|  15.00  |    1    |    1    |    2    |
|  30.00  |    2    |    0    |    0    |
|  60.00  |    1    |    0    |    0    |
-----------------------------------------
2023-02-24T11:37:14.954057+0100 DEBUG Collecting 1 of the 1 job(s) active.
2023-02-24T11:41:53.505792+0100 DEBUG Bracket ID 0:
| budget  | pending | waiting |  done   |
-----------------------------------------
|  7.50   |    0    |    0    |    8    |
|  15.00  |    0    |    1    |    3    |
|  30.00  |    2    |    0    |    0    |
|  60.00  |    1    |    0    |    0    |
-----------------------------------------
2023-02-24T11:41:53.506004+0100 DEBUG Collecting 1 of the 1 job(s) active.
2023-02-24T11:46:11.589868+0100 DEBUG Bracket ID 0:
| budget  | pending | waiting |  done   |
-----------------------------------------
|  7.50   |    0    |    0    |    8    |
|  15.00  |    0    |    0    |    4    |
|  30.00  |    1    |    1    |    0    |
|  60.00  |    1    |    0    |    0    |
-----------------------------------------
2023-02-24T11:46:11.590075+0100 DEBUG Collecting 1 of the 1 job(s) active.
2023-02-24T11:55:13.539046+0100 DEBUG Bracket ID 0:
| budget  | pending | waiting |  done   |
-----------------------------------------
|  7.50   |    0    |    0    |    8    |
|  15.00  |    0    |    0    |    4    |
|  30.00  |    0    |    1    |    1    |
|  60.00  |    1    |    0    |    0    |
-----------------------------------------
2023-02-24T11:55:13.539258+0100 DEBUG Collecting 1 of the 1 job(s) active.
2023-02-24T12:03:45.237042+0100 DEBUG Bracket ID 0:
| budget  | pending | waiting |  done   |
-----------------------------------------
|  7.50   |    0    |    0    |    8    |
|  15.00  |    0    |    0    |    4    |
|  30.00  |    0    |    0    |    2    |
|  60.00  |    0    |    1    |    0    |
-----------------------------------------
2023-02-24T12:03:45.237247+0100 DEBUG Collecting 1 of the 1 job(s) active.
2023-02-24T12:05:50.586055+0100 DEBUG Bracket ID 1:
| budget  | pending | waiting |  done   |
-----------------------------------------
|  15.00  |    3    |    1    |    0    |
|  30.00  |    2    |    0    |    0    |
|  60.00  |    1    |    0    |    0    |
-----------------------------------------
2023-02-24T12:05:50.586269+0100 DEBUG Collecting 1 of the 1 job(s) active.
2023-02-24T12:08:02.412158+0100 DEBUG Bracket ID 1:
| budget  | pending | waiting |  done   |
-----------------------------------------
|  15.00  |    2    |    1    |    1    |
|  30.00  |    2    |    0    |    0    |
|  60.00  |    1    |    0    |    0    |
-----------------------------------------
2023-02-24T12:08:02.412364+0100 DEBUG Collecting 1 of the 1 job(s) active.
2023-02-24T12:10:16.148396+0100 DEBUG Bracket ID 1:
| budget  | pending | waiting |  done   |
-----------------------------------------
|  15.00  |    1    |    1    |    2    |
|  30.00  |    2    |    0    |    0    |
|  60.00  |    1    |    0    |    0    |
-----------------------------------------
2023-02-24T12:10:16.148607+0100 DEBUG Collecting 1 of the 1 job(s) active.
2023-02-24T12:14:55.190264+0100 DEBUG Bracket ID 1:
| budget  | pending | waiting |  done   |
-----------------------------------------
|  15.00  |    0    |    1    |    3    |
|  30.00  |    2    |    0    |    0    |
|  60.00  |    1    |    0    |    0    |
-----------------------------------------
2023-02-24T12:14:55.190474+0100 DEBUG Collecting 1 of the 1 job(s) active.
2023-02-24T12:19:19.776476+0100 DEBUG Bracket ID 1:
| budget  | pending | waiting |  done   |
-----------------------------------------
|  15.00  |    0    |    0    |    4    |
|  30.00  |    1    |    1    |    0    |
|  60.00  |    1    |    0    |    0    |
-----------------------------------------
2023-02-24T12:19:19.776685+0100 DEBUG Collecting 1 of the 1 job(s) active.
2023-02-24T12:23:28.202623+0100 DEBUG Bracket ID 1:
| budget  | pending | waiting |  done   |
-----------------------------------------
|  15.00  |    0    |    0    |    4    |
|  30.00  |    0    |    1    |    1    |
|  60.00  |    1    |    0    |    0    |
-----------------------------------------
2023-02-24T12:23:28.202836+0100 DEBUG Collecting 1 of the 1 job(s) active.
2023-02-24T12:32:15.132302+0100 DEBUG Bracket ID 1:
| budget  | pending | waiting |  done   |
-----------------------------------------
|  15.00  |    0    |    0    |    4    |
|  30.00  |    0    |    0    |    2    |
|  60.00  |    0    |    1    |    0    |
-----------------------------------------
2023-02-24T12:32:15.132535+0100 DEBUG Collecting 1 of the 1 job(s) active.
2023-02-24T12:36:33.351679+0100 DEBUG Bracket ID 2:
| budget  | pending | waiting |  done   |
-----------------------------------------
|  30.00  |    3    |    1    |    0    |
|  60.00  |    2    |    0    |    0    |
-----------------------------------------
2023-02-24T12:36:33.351893+0100 DEBUG Collecting 1 of the 1 job(s) active.
2023-02-24T12:45:38.790873+0100 DEBUG Bracket ID 2:
| budget  | pending | waiting |  done   |
-----------------------------------------
|  30.00  |    2    |    1    |    1    |
|  60.00  |    2    |    0    |    0    |
-----------------------------------------
2023-02-24T12:45:38.791081+0100 DEBUG Collecting 1 of the 1 job(s) active.
2023-02-24T12:49:56.767997+0100 DEBUG Bracket ID 2:
| budget  | pending | waiting |  done   |
-----------------------------------------
|  30.00  |    1    |    1    |    2    |
|  60.00  |    2    |    0    |    0    |
-----------------------------------------
2023-02-24T12:49:56.768206+0100 DEBUG Collecting 1 of the 1 job(s) active.
2023-02-24T12:54:18.563073+0100 DEBUG Bracket ID 2:
| budget  | pending | waiting |  done   |
-----------------------------------------
|  30.00  |    0    |    1    |    3    |
|  60.00  |    2    |    0    |    0    |
-----------------------------------------
2023-02-24T12:54:18.563282+0100 DEBUG Collecting 1 of the 1 job(s) active.
2023-02-24T13:02:31.238011+0100 DEBUG Bracket ID 2:
| budget  | pending | waiting |  done   |
-----------------------------------------
|  30.00  |    0    |    0    |    4    |
|  60.00  |    1    |    1    |    0    |
-----------------------------------------
2023-02-24T13:02:31.238245+0100 DEBUG Collecting 1 of the 1 job(s) active.
2023-02-24T13:11:04.825833+0100 DEBUG Bracket ID 2:
| budget  | pending | waiting |  done   |
-----------------------------------------
|  30.00  |    0    |    0    |    4    |
|  60.00  |    0    |    1    |    1    |
-----------------------------------------
2023-02-24T13:11:04.826039+0100 DEBUG Collecting 1 of the 1 job(s) active.
2023-02-24T13:19:26.593950+0100 DEBUG Bracket ID 3:
| budget  | pending | waiting |  done   |
-----------------------------------------
|  60.00  |    3    |    1    |    0    |
-----------------------------------------
2023-02-24T13:19:26.594163+0100 DEBUG Collecting 1 of the 1 job(s) active.
2023-02-24T13:27:29.807176+0100 DEBUG Bracket ID 3:
| budget  | pending | waiting |  done   |
-----------------------------------------
|  60.00  |    2    |    1    |    1    |
-----------------------------------------
2023-02-24T13:27:29.807388+0100 DEBUG Collecting 1 of the 1 job(s) active.
2023-02-24T13:35:37.647881+0100 DEBUG Bracket ID 3:
| budget  | pending | waiting |  done   |
-----------------------------------------
|  60.00  |    1    |    1    |    2    |
-----------------------------------------
2023-02-24T13:35:37.648092+0100 DEBUG Collecting 1 of the 1 job(s) active.
2023-02-24T13:44:06.997281+0100 DEBUG Bracket ID 3:
| budget  | pending | waiting |  done   |
-----------------------------------------
|  60.00  |    0    |    1    |    3    |
-----------------------------------------
2023-02-24T13:44:06.997488+0100 DEBUG Collecting 1 of the 1 job(s) active.
2023-02-24T13:46:33.589489+0100 DEBUG Bracket ID 4:
| budget  | pending | waiting |  done   |
-----------------------------------------
|  7.50   |    7    |    1    |    0    |
|  15.00  |    4    |    0    |    0    |
|  30.00  |    2    |    0    |    0    |
|  60.00  |    1    |    0    |    0    |
-----------------------------------------
2023-02-24T13:46:33.589699+0100 DEBUG Collecting 1 of the 1 job(s) active.
2023-02-24T13:47:48.170940+0100 DEBUG Bracket ID 4:
| budget  | pending | waiting |  done   |
-----------------------------------------
|  7.50   |    6    |    1    |    1    |
|  15.00  |    4    |    0    |    0    |
|  30.00  |    2    |    0    |    0    |
|  60.00  |    1    |    0    |    0    |
-----------------------------------------
2023-02-24T13:47:48.171150+0100 DEBUG Collecting 1 of the 1 job(s) active.
2023-02-24T13:49:00.174340+0100 DEBUG Bracket ID 4:
| budget  | pending | waiting |  done   |
-----------------------------------------
|  7.50   |    5    |    1    |    2    |
|  15.00  |    4    |    0    |    0    |
|  30.00  |    2    |    0    |    0    |
|  60.00  |    1    |    0    |    0    |
-----------------------------------------
2023-02-24T13:49:00.174550+0100 DEBUG Collecting 1 of the 1 job(s) active.
2023-02-24T13:50:14.404641+0100 DEBUG Bracket ID 4:
| budget  | pending | waiting |  done   |
-----------------------------------------
|  7.50   |    4    |    1    |    3    |
|  15.00  |    4    |    0    |    0    |
|  30.00  |    2    |    0    |    0    |
|  60.00  |    1    |    0    |    0    |
-----------------------------------------
2023-02-24T13:50:14.404847+0100 DEBUG Collecting 1 of the 1 job(s) active.
2023-02-24T13:52:45.276176+0100 DEBUG Bracket ID 4:
| budget  | pending | waiting |  done   |
-----------------------------------------
|  7.50   |    3    |    1    |    4    |
|  15.00  |    4    |    0    |    0    |
|  30.00  |    2    |    0    |    0    |
|  60.00  |    1    |    0    |    0    |
-----------------------------------------
2023-02-24T13:52:45.276389+0100 DEBUG Collecting 1 of the 1 job(s) active.
2023-02-24T13:55:09.473002+0100 DEBUG Bracket ID 4:
| budget  | pending | waiting |  done   |
-----------------------------------------
|  7.50   |    2    |    1    |    5    |
|  15.00  |    4    |    0    |    0    |
|  30.00  |    2    |    0    |    0    |
|  60.00  |    1    |    0    |    0    |
-----------------------------------------
2023-02-24T13:55:09.473217+0100 DEBUG Collecting 1 of the 1 job(s) active.
2023-02-24T13:56:19.513201+0100 DEBUG Bracket ID 4:
| budget  | pending | waiting |  done   |
-----------------------------------------
|  7.50   |    1    |    1    |    6    |
|  15.00  |    4    |    0    |    0    |
|  30.00  |    2    |    0    |    0    |
|  60.00  |    1    |    0    |    0    |
-----------------------------------------
2023-02-24T13:56:19.513417+0100 DEBUG Collecting 1 of the 1 job(s) active.
2023-02-24T13:58:48.098767+0100 DEBUG Bracket ID 4:
| budget  | pending | waiting |  done   |
-----------------------------------------
|  7.50   |    0    |    1    |    7    |
|  15.00  |    4    |    0    |    0    |
|  30.00  |    2    |    0    |    0    |
|  60.00  |    1    |    0    |    0    |
-----------------------------------------
2023-02-24T13:58:48.098987+0100 DEBUG Collecting 1 of the 1 job(s) active.
2023-02-24T14:00:50.097755+0100 DEBUG Bracket ID 4:
| budget  | pending | waiting |  done   |
-----------------------------------------
|  7.50   |    0    |    0    |    8    |
|  15.00  |    3    |    1    |    0    |
|  30.00  |    2    |    0    |    0    |
|  60.00  |    1    |    0    |    0    |
-----------------------------------------
2023-02-24T14:00:50.097965+0100 DEBUG Collecting 1 of the 1 job(s) active.
2023-02-24T14:03:03.100154+0100 DEBUG Bracket ID 4:
| budget  | pending | waiting |  done   |
-----------------------------------------
|  7.50   |    0    |    0    |    8    |
|  15.00  |    2    |    1    |    1    |
|  30.00  |    2    |    0    |    0    |
|  60.00  |    1    |    0    |    0    |
-----------------------------------------
2023-02-24T14:03:03.100365+0100 DEBUG Collecting 1 of the 1 job(s) active.
2023-02-24T14:05:12.955112+0100 DEBUG Bracket ID 4:
| budget  | pending | waiting |  done   |
-----------------------------------------
|  7.50   |    0    |    0    |    8    |
|  15.00  |    1    |    1    |    2    |
|  30.00  |    2    |    0    |    0    |
|  60.00  |    1    |    0    |    0    |
-----------------------------------------
2023-02-24T14:05:12.955318+0100 DEBUG Collecting 1 of the 1 job(s) active.
2023-02-24T14:09:22.122644+0100 DEBUG Bracket ID 4:
| budget  | pending | waiting |  done   |
-----------------------------------------
|  7.50   |    0    |    0    |    8    |
|  15.00  |    0    |    1    |    3    |
|  30.00  |    2    |    0    |    0    |
|  60.00  |    1    |    0    |    0    |
-----------------------------------------
2023-02-24T14:09:22.122857+0100 DEBUG Collecting 1 of the 1 job(s) active.
2023-02-24T14:13:17.592257+0100 DEBUG Bracket ID 4:
| budget  | pending | waiting |  done   |
-----------------------------------------
|  7.50   |    0    |    0    |    8    |
|  15.00  |    0    |    0    |    4    |
|  30.00  |    1    |    1    |    0    |
|  60.00  |    1    |    0    |    0    |
-----------------------------------------
2023-02-24T14:13:17.592468+0100 DEBUG Collecting 1 of the 1 job(s) active.
2023-02-24T14:22:24.370322+0100 DEBUG Bracket ID 4:
| budget  | pending | waiting |  done   |
-----------------------------------------
|  7.50   |    0    |    0    |    8    |
|  15.00  |    0    |    0    |    4    |
|  30.00  |    0    |    1    |    1    |
|  60.00  |    1    |    0    |    0    |
-----------------------------------------
2023-02-24T14:22:24.370540+0100 DEBUG Collecting 1 of the 1 job(s) active.
2023-02-24T14:31:15.713557+0100 DEBUG Bracket ID 4:
| budget  | pending | waiting |  done   |
-----------------------------------------
|  7.50   |    0    |    0    |    8    |
|  15.00  |    0    |    0    |    4    |
|  30.00  |    0    |    0    |    2    |
|  60.00  |    0    |    1    |    0    |
-----------------------------------------
2023-02-24T14:31:15.713774+0100 DEBUG Collecting 1 of the 1 job(s) active.
2023-02-24T14:33:20.386556+0100 DEBUG Bracket ID 5:
| budget  | pending | waiting |  done   |
-----------------------------------------
|  15.00  |    3    |    1    |    0    |
|  30.00  |    2    |    0    |    0    |
|  60.00  |    1    |    0    |    0    |
-----------------------------------------
2023-02-24T14:33:20.386790+0100 DEBUG Collecting 1 of the 1 job(s) active.
2023-02-24T14:35:29.674842+0100 DEBUG Bracket ID 5:
| budget  | pending | waiting |  done   |
-----------------------------------------
|  15.00  |    2    |    1    |    1    |
|  30.00  |    2    |    0    |    0    |
|  60.00  |    1    |    0    |    0    |
-----------------------------------------
2023-02-24T14:35:29.675049+0100 DEBUG Collecting 1 of the 1 job(s) active.
2023-02-24T14:37:43.313503+0100 DEBUG Bracket ID 5:
| budget  | pending | waiting |  done   |
-----------------------------------------
|  15.00  |    1    |    1    |    2    |
|  30.00  |    2    |    0    |    0    |
|  60.00  |    1    |    0    |    0    |
-----------------------------------------
2023-02-24T14:37:43.313719+0100 DEBUG Collecting 1 of the 1 job(s) active.
2023-02-24T14:40:00.598977+0100 DEBUG Bracket ID 5:
| budget  | pending | waiting |  done   |
-----------------------------------------
|  15.00  |    0    |    1    |    3    |
|  30.00  |    2    |    0    |    0    |
|  60.00  |    1    |    0    |    0    |
-----------------------------------------
2023-02-24T14:40:00.599186+0100 DEBUG Collecting 1 of the 1 job(s) active.
2023-02-24T14:44:10.615553+0100 DEBUG Bracket ID 5:
| budget  | pending | waiting |  done   |
-----------------------------------------
|  15.00  |    0    |    0    |    4    |
|  30.00  |    1    |    1    |    0    |
|  60.00  |    1    |    0    |    0    |
-----------------------------------------
2023-02-24T14:44:10.615775+0100 DEBUG Collecting 1 of the 1 job(s) active.
2023-02-24T14:48:23.852981+0100 DEBUG Bracket ID 5:
| budget  | pending | waiting |  done   |
-----------------------------------------
|  15.00  |    0    |    0    |    4    |
|  30.00  |    0    |    1    |    1    |
|  60.00  |    1    |    0    |    0    |
-----------------------------------------
2023-02-24T14:48:23.853200+0100 DEBUG Collecting 1 of the 1 job(s) active.
2023-02-24T14:57:09.862115+0100 DEBUG Bracket ID 5:
| budget  | pending | waiting |  done   |
-----------------------------------------
|  15.00  |    0    |    0    |    4    |
|  30.00  |    0    |    0    |    2    |
|  60.00  |    0    |    1    |    0    |
-----------------------------------------
2023-02-24T14:57:09.862322+0100 DEBUG Collecting 1 of the 1 job(s) active.
2023-02-24T15:01:26.941425+0100 DEBUG Bracket ID 6:
| budget  | pending | waiting |  done   |
-----------------------------------------
|  30.00  |    3    |    1    |    0    |
|  60.00  |    2    |    0    |    0    |
-----------------------------------------
2023-02-24T15:01:26.941635+0100 DEBUG Collecting 1 of the 1 job(s) active.
2023-02-24T15:10:09.912525+0100 DEBUG Bracket ID 6:
| budget  | pending | waiting |  done   |
-----------------------------------------
|  30.00  |    2    |    1    |    1    |
|  60.00  |    2    |    0    |    0    |
-----------------------------------------
2023-02-24T15:10:09.912737+0100 DEBUG Collecting 1 of the 1 job(s) active.
2023-02-24T15:14:23.903892+0100 DEBUG Bracket ID 6:
| budget  | pending | waiting |  done   |
-----------------------------------------
|  30.00  |    1    |    1    |    2    |
|  60.00  |    2    |    0    |    0    |
-----------------------------------------
2023-02-24T15:14:23.904105+0100 DEBUG Collecting 1 of the 1 job(s) active.
2023-02-24T15:23:06.905450+0100 DEBUG Bracket ID 6:
| budget  | pending | waiting |  done   |
-----------------------------------------
|  30.00  |    0    |    1    |    3    |
|  60.00  |    2    |    0    |    0    |
-----------------------------------------
2023-02-24T15:23:06.905664+0100 DEBUG Collecting 1 of the 1 job(s) active.
2023-02-24T15:31:18.295594+0100 DEBUG Bracket ID 6:
| budget  | pending | waiting |  done   |
-----------------------------------------
|  30.00  |    0    |    0    |    4    |
|  60.00  |    1    |    1    |    0    |
-----------------------------------------
2023-02-24T15:31:18.295822+0100 DEBUG Collecting 1 of the 1 job(s) active.
2023-02-24T15:39:56.131879+0100 DEBUG Bracket ID 6:
| budget  | pending | waiting |  done   |
-----------------------------------------
|  30.00  |    0    |    0    |    4    |
|  60.00  |    0    |    1    |    1    |
-----------------------------------------
2023-02-24T15:39:56.132088+0100 DEBUG Collecting 1 of the 1 job(s) active.
2023-02-24T15:57:23.333257+0100 DEBUG Bracket ID 7:
| budget  | pending | waiting |  done   |
-----------------------------------------
|  60.00  |    3    |    1    |    0    |
-----------------------------------------
2023-02-24T15:57:23.333468+0100 DEBUG Collecting 1 of the 1 job(s) active.
2023-02-24T16:06:00.642119+0100 DEBUG Bracket ID 7:
| budget  | pending | waiting |  done   |
-----------------------------------------
|  60.00  |    2    |    1    |    1    |
-----------------------------------------
2023-02-24T16:06:00.642327+0100 DEBUG Collecting 1 of the 1 job(s) active.
2023-02-24T16:14:26.940546+0100 DEBUG Bracket ID 7:
| budget  | pending | waiting |  done   |
-----------------------------------------
|  60.00  |    1    |    1    |    2    |
-----------------------------------------
2023-02-24T16:14:26.940759+0100 DEBUG Collecting 1 of the 1 job(s) active.
2023-02-24T16:22:31.404746+0100 DEBUG Bracket ID 7:
| budget  | pending | waiting |  done   |
-----------------------------------------
|  60.00  |    0    |    1    |    3    |
-----------------------------------------
2023-02-24T16:22:31.404958+0100 DEBUG Collecting 1 of the 1 job(s) active.
2023-02-24T16:24:59.231264+0100 DEBUG Bracket ID 8:
| budget  | pending | waiting |  done   |
-----------------------------------------
|  7.50   |    7    |    1    |    0    |
|  15.00  |    4    |    0    |    0    |
|  30.00  |    2    |    0    |    0    |
|  60.00  |    1    |    0    |    0    |
-----------------------------------------
2023-02-24T16:24:59.231487+0100 DEBUG Collecting 1 of the 1 job(s) active.
2023-02-24T16:26:10.026593+0100 DEBUG Bracket ID 8:
| budget  | pending | waiting |  done   |
-----------------------------------------
|  7.50   |    6    |    1    |    1    |
|  15.00  |    4    |    0    |    0    |
|  30.00  |    2    |    0    |    0    |
|  60.00  |    1    |    0    |    0    |
-----------------------------------------
2023-02-24T16:26:10.026812+0100 DEBUG Collecting 1 of the 1 job(s) active.
2023-02-24T16:27:21.284341+0100 DEBUG Bracket ID 8:
| budget  | pending | waiting |  done   |
-----------------------------------------
|  7.50   |    5    |    1    |    2    |
|  15.00  |    4    |    0    |    0    |
|  30.00  |    2    |    0    |    0    |
|  60.00  |    1    |    0    |    0    |
-----------------------------------------
2023-02-24T16:27:21.284553+0100 DEBUG Collecting 1 of the 1 job(s) active.
2023-02-24T16:28:33.068159+0100 DEBUG Bracket ID 8:
| budget  | pending | waiting |  done   |
-----------------------------------------
|  7.50   |    4    |    1    |    3    |
|  15.00  |    4    |    0    |    0    |
|  30.00  |    2    |    0    |    0    |
|  60.00  |    1    |    0    |    0    |
-----------------------------------------
2023-02-24T16:28:33.068375+0100 DEBUG Collecting 1 of the 1 job(s) active.
2023-02-24T16:29:40.689192+0100 DEBUG Bracket ID 8:
| budget  | pending | waiting |  done   |
-----------------------------------------
|  7.50   |    3    |    1    |    4    |
|  15.00  |    4    |    0    |    0    |
|  30.00  |    2    |    0    |    0    |
|  60.00  |    1    |    0    |    0    |
-----------------------------------------
2023-02-24T16:29:40.689403+0100 DEBUG Collecting 1 of the 1 job(s) active.
2023-02-24T16:32:05.097245+0100 DEBUG Bracket ID 8:
| budget  | pending | waiting |  done   |
-----------------------------------------
|  7.50   |    2    |    1    |    5    |
|  15.00  |    4    |    0    |    0    |
|  30.00  |    2    |    0    |    0    |
|  60.00  |    1    |    0    |    0    |
-----------------------------------------
2023-02-24T16:32:05.097461+0100 DEBUG Collecting 1 of the 1 job(s) active.
2023-02-24T16:33:17.456281+0100 DEBUG Bracket ID 8:
| budget  | pending | waiting |  done   |
-----------------------------------------
|  7.50   |    1    |    1    |    6    |
|  15.00  |    4    |    0    |    0    |
|  30.00  |    2    |    0    |    0    |
|  60.00  |    1    |    0    |    0    |
-----------------------------------------
2023-02-24T16:33:17.456493+0100 DEBUG Collecting 1 of the 1 job(s) active.
2023-02-24T16:35:42.540173+0100 DEBUG Bracket ID 8:
| budget  | pending | waiting |  done   |
-----------------------------------------
|  7.50   |    0    |    1    |    7    |
|  15.00  |    4    |    0    |    0    |
|  30.00  |    2    |    0    |    0    |
|  60.00  |    1    |    0    |    0    |
-----------------------------------------
2023-02-24T16:35:42.540386+0100 DEBUG Collecting 1 of the 1 job(s) active.
2023-02-24T16:37:58.975945+0100 DEBUG Bracket ID 8:
| budget  | pending | waiting |  done   |
-----------------------------------------
|  7.50   |    0    |    0    |    8    |
|  15.00  |    3    |    1    |    0    |
|  30.00  |    2    |    0    |    0    |
|  60.00  |    1    |    0    |    0    |
-----------------------------------------
2023-02-24T16:37:58.976161+0100 DEBUG Collecting 1 of the 1 job(s) active.
2023-02-24T16:40:10.302000+0100 DEBUG Bracket ID 8:
| budget  | pending | waiting |  done   |
-----------------------------------------
|  7.50   |    0    |    0    |    8    |
|  15.00  |    2    |    1    |    1    |
|  30.00  |    2    |    0    |    0    |
|  60.00  |    1    |    0    |    0    |
-----------------------------------------
2023-02-24T16:40:10.302213+0100 DEBUG Collecting 1 of the 1 job(s) active.
2023-02-24T16:42:23.087830+0100 DEBUG Bracket ID 8:
| budget  | pending | waiting |  done   |
-----------------------------------------
|  7.50   |    0    |    0    |    8    |
|  15.00  |    1    |    1    |    2    |
|  30.00  |    2    |    0    |    0    |
|  60.00  |    1    |    0    |    0    |
-----------------------------------------
2023-02-24T16:42:23.088039+0100 DEBUG Collecting 1 of the 1 job(s) active.
2023-02-24T16:42:23.113000+0100 INFO Total time taken: 19802.2762799263 
2023-02-24T16:42:23.113292+0100 INFO Saving optimisation trace history...
2023-02-24T16:56:52.702037+0100 INFO Test loss is 0.080 for the best found configuration: 
2023-02-24T16:56:52.702306+0100 INFO Configuration(values={
  'augment': False,
  'learning_rate_init': 0.0006248878592181905,
  'n_channels_conv_0': 20,
  'n_channels_conv_1': 64,
  'n_channels_conv_2': 211,
  'n_conv_layers': 3,
  'standardize': True,
})

